<?xml version="1.0" encoding="UTF-8"?>
<!-- Generated by org.testng.reporters.JUnitReportReporter -->
<testsuite hostname="DESKTOP-S2I7VH9" failures="0" tests="3" name="runners.TestRunner7" time="4.532" errors="0" timestamp="2021-03-10T11:44:40 IST" skipped="0">
  <testcase classname="runners.TestRunner7" name="api_is_given_for_foreign_exchange_website" time="0.001"/>
  <system-out/>
  <testcase classname="runners.TestRunner7" name="when_posted_with_future_date" time="2.992"/>
  <system-out/>
  <testcase classname="runners.TestRunner7" name="validate_the_date_from_body" time="1.539"/>
  <system-out/>
</testsuite> <!-- runners.TestRunner7 -->
