<?xml version="1.0" encoding="UTF-8"?>
<!-- Generated by org.testng.reporters.JUnitReportReporter -->
<testsuite hostname="DESKTOP-S2I7VH9" failures="0" tests="3" name="runners.TestRunner2" time="0.026" errors="0" timestamp="2021-03-10T11:44:40 IST" skipped="0">
  <testcase classname="runners.TestRunner2" name="checking_the_url" time="0.003"/>
  <system-out/>
  <testcase classname="runners.TestRunner2" name="getting_the_response" time="0.004"/>
  <system-out/>
  <testcase classname="runners.TestRunner2" name="api_is_given_for_foreign_exchange" time="0.019"/>
  <system-out/>
</testsuite> <!-- runners.TestRunner2 -->
