<?xml version="1.0" encoding="UTF-8"?>
<!-- Generated by org.testng.reporters.JUnitReportReporter -->
<testsuite hostname="DESKTOP-S2I7VH9" failures="0" tests="3" name="runners.TestRunner5" time="3.392" errors="0" timestamp="2021-03-10T11:44:40 IST" skipped="0">
  <testcase classname="runners.TestRunner5" name="setting_up_url" time="0.001"/>
  <system-out/>
  <testcase classname="runners.TestRunner5" name="response_fetched" time="2.973"/>
  <system-out/>
  <testcase classname="runners.TestRunner5" name="validating_the_response_received" time="0.418"/>
  <system-out/>
</testsuite> <!-- runners.TestRunner5 -->
