<?xml version="1.0" encoding="UTF-8"?>
<!-- Generated by org.testng.reporters.JUnitReportReporter -->
<testsuite hostname="DESKTOP-S2I7VH9" failures="0" tests="3" name="stepDefinitions3.Assign7" time="5.519" errors="0" timestamp="2021-03-10T10:51:10 IST" skipped="0">
  <testcase classname="stepDefinitions3.Assign7" name="api_is_given_for_foreign_exchange_website" time="1.057"/>
  <system-out/>
  <testcase classname="stepDefinitions3.Assign7" name="when_posted_with_future_date" time="3.126"/>
  <system-out/>
  <testcase classname="stepDefinitions3.Assign7" name="validate_the_date_from_body" time="1.336"/>
  <system-out/>
</testsuite> <!-- stepDefinitions3.Assign7 -->
