<?xml version="1.0" encoding="UTF-8"?>
<!-- Generated by org.testng.reporters.JUnitReportReporter -->
<testsuite hostname="DESKTOP-S2I7VH9" failures="0" tests="3" name="runners.TestRunner4" time="3.857" errors="0" timestamp="2021-03-10T11:44:40 IST" skipped="0">
  <testcase classname="runners.TestRunner4" name="url_is_given" time="0.001"/>
  <system-out/>
  <testcase classname="runners.TestRunner4" name="navigate_to_url_and_get_response" time="3.852"/>
  <system-out/>
  <testcase classname="runners.TestRunner4" name="validate_status_code_and_status_line" time="0.004"/>
  <system-out/>
</testsuite> <!-- runners.TestRunner4 -->
