<?xml version="1.0" encoding="UTF-8"?>
<!-- Generated by org.testng.reporters.JUnitReportReporter -->
<testsuite hostname="DESKTOP-S2I7VH9" failures="0" tests="3" name="runners.TestRunner3" time="15.073" errors="0" timestamp="2021-03-10T11:44:40 IST" skipped="0">
  <testcase classname="runners.TestRunner3" name="api_for_foreign_exchange" time="0.007"/>
  <system-out/>
  <testcase classname="runners.TestRunner3" name="posted_with_correct_information" time="0.002"/>
  <system-out/>
  <testcase classname="runners.TestRunner3" name="validate_positive_response_code_received" time="15.064"/>
  <system-out/>
</testsuite> <!-- runners.TestRunner3 -->
