<?xml version="1.0" encoding="UTF-8"?>
<!-- Generated by org.testng.reporters.JUnitReportReporter -->
<testsuite hostname="DESKTOP-S2I7VH9" failures="0" tests="6" name="stepDefinitions3.Assign9DataProvider" time="6.599" errors="0" timestamp="2021-03-11T09:00:55 IST" skipped="0">
  <testcase classname="stepDefinitions3.Assign9DataProvider" name="fetching_data" time="1.048"/>
  <system-out/>
  <testcase classname="stepDefinitions3.Assign9DataProvider" name="fetching_data" time="3.562"/>
  <system-out/>
  <testcase classname="stepDefinitions3.Assign9DataProvider" name="fetching_data" time="1.197"/>
  <system-out/>
  <testcase classname="stepDefinitions3.Assign9DataProvider" name="getting_website" time="0.004"/>
  <system-out/>
  <testcase classname="stepDefinitions3.Assign9DataProvider" name="getting_response_from_website_provided" time="0.784"/>
  <system-out/>
  <testcase classname="stepDefinitions3.Assign9DataProvider" name="validating_the_response_code_for_all_sites" time="0.004"/>
  <system-out/>
</testsuite> <!-- stepDefinitions3.Assign9DataProvider -->
