<?xml version="1.0" encoding="UTF-8"?>
<!-- Generated by org.testng.reporters.JUnitReportReporter -->
<testsuite hostname="DESKTOP-S2I7VH9" failures="0" tests="3" name="stepDefinitions3.Assign9DataProvider" time="5.357" errors="0" timestamp="2021-03-09T20:01:53 IST" skipped="0">
  <testcase classname="stepDefinitions3.Assign9DataProvider" name="data_provider" time="3.780"/>
  <system-out/>
  <testcase classname="stepDefinitions3.Assign9DataProvider" name="data_provider" time="0.926"/>
  <system-out/>
  <testcase classname="stepDefinitions3.Assign9DataProvider" name="data_provider" time="0.651"/>
  <system-out/>
</testsuite> <!-- stepDefinitions3.Assign9DataProvider -->
