<?xml version="1.0" encoding="UTF-8"?>
<!-- Generated by org.testng.reporters.JUnitReportReporter -->
<testsuite hostname="DESKTOP-S2I7VH9" failures="0" tests="3" name="runners.TestRunner6" time="2.139" errors="0" timestamp="2021-03-10T11:44:40 IST" skipped="0">
  <testcase classname="runners.TestRunner6" name="setting_up_environment" time="0.023"/>
  <system-out/>
  <testcase classname="runners.TestRunner6" name="response_is_invoked" time="2.115"/>
  <system-out/>
  <testcase classname="runners.TestRunner6" name="validation_for_response_code" time="0.001"/>
  <system-out/>
</testsuite> <!-- runners.TestRunner6 -->
