<?xml version="1.0" encoding="UTF-8"?>
<!-- Generated by org.testng.reporters.JUnitReportReporter -->
<testsuite hostname="DESKTOP-S2I7VH9" failures="0" tests="3" name="stepDefinitions3.Assirtions4" time="3.732" errors="0" timestamp="2021-03-10T10:22:19 IST" skipped="0">
  <testcase classname="stepDefinitions3.Assirtions4" name="url_is_given" time="0.012"/>
  <system-out/>
  <testcase classname="stepDefinitions3.Assirtions4" name="navigate_to_url_and_get_response" time="3.716"/>
  <system-out/>
  <testcase classname="stepDefinitions3.Assirtions4" name="validate_status_code_and_status_line" time="0.004"/>
  <system-out/>
</testsuite> <!-- stepDefinitions3.Assirtions4 -->
