<?xml version="1.0" encoding="UTF-8"?>
<!-- Generated by org.testng.reporters.JUnitReportReporter -->
<testsuite hostname="DESKTOP-S2I7VH9" failures="0" tests="3" name="stepDefinitions3.Assign9DataProvider" time="10.247" errors="0" timestamp="2021-03-09T09:44:34 IST" skipped="0">
  <testcase classname="stepDefinitions3.Assign9DataProvider" name="dataProvider" time="4.290"/>
  <system-out/>
  <testcase classname="stepDefinitions3.Assign9DataProvider" name="dataProvider" time="4.644"/>
  <system-out/>
  <testcase classname="stepDefinitions3.Assign9DataProvider" name="dataProvider" time="1.313"/>
  <system-out/>
</testsuite> <!-- stepDefinitions3.Assign9DataProvider -->
