<?xml version="1.0" encoding="UTF-8"?>
<!-- Generated by org.testng.reporters.JUnitReportReporter -->
<testsuite hostname="DESKTOP-S2I7VH9" failures="0" tests="6" name="runners.TestRunner1" time="7.993" errors="0" timestamp="2021-03-09T20:06:35 IST" skipped="0">
  <testcase classname="runners.TestRunner1" name="getting_response_from_website_provided" time="2.592"/>
  <system-out/>
  <testcase classname="runners.TestRunner1" name="validating_the_response_code_for_all_sites" time="0.003"/>
  <system-out/>
  <testcase classname="runners.TestRunner1" name="getting_website" time="0.005"/>
  <system-out/>
  <testcase classname="runners.TestRunner1" name="data_provider" time="0.597"/>
  <system-out/>
  <testcase classname="runners.TestRunner1" name="data_provider" time="1.019"/>
  <system-out/>
  <testcase classname="runners.TestRunner1" name="data_provider" time="3.777"/>
  <system-out/>
</testsuite> <!-- runners.TestRunner1 -->
