<?xml version="1.0" encoding="UTF-8"?>
<!-- Generated by org.testng.reporters.JUnitReportReporter -->
<testsuite hostname="DESKTOP-S2I7VH9" failures="0" tests="5" name="stepDefinitions3.Assign9DataProvider" time="6.811" errors="0" timestamp="2021-03-10T11:19:11 IST" skipped="0">
  <testcase classname="stepDefinitions3.Assign9DataProvider" name="getting_website" time="1.182"/>
  <system-out/>
  <testcase classname="stepDefinitions3.Assign9DataProvider" name="getting_website" time="3.528"/>
  <system-out/>
  <testcase classname="stepDefinitions3.Assign9DataProvider" name="getting_website" time="1.537"/>
  <system-out/>
  <testcase classname="stepDefinitions3.Assign9DataProvider" name="getting_response_from_website_provided" time="0.562"/>
  <system-out/>
  <testcase classname="stepDefinitions3.Assign9DataProvider" name="validating_the_response_code_for_all_sites" time="0.002"/>
  <system-out/>
</testsuite> <!-- stepDefinitions3.Assign9DataProvider -->
