<?xml version="1.0" encoding="UTF-8"?>
<!-- Generated by org.testng.reporters.JUnitReportReporter -->
<testsuite hostname="DESKTOP-S2I7VH9" failures="0" tests="5" name="runners.TestRunner9" time="10.160" errors="0" timestamp="2021-03-10T11:44:40 IST" skipped="0">
  <testcase classname="runners.TestRunner9" name="getting_website" time="2.038"/>
  <system-out/>
  <testcase classname="runners.TestRunner9" name="getting_website" time="3.848"/>
  <system-out/>
  <testcase classname="runners.TestRunner9" name="getting_website" time="2.105"/>
  <system-out/>
  <testcase classname="runners.TestRunner9" name="getting_response_from_website_provided" time="2.168"/>
  <system-out/>
  <testcase classname="runners.TestRunner9" name="validating_the_response_code_for_all_sites" time="0.001"/>
  <system-out/>
</testsuite> <!-- runners.TestRunner9 -->
