<?xml version="1.0" encoding="UTF-8"?>
<!-- Generated by org.testng.reporters.JUnitReportReporter -->
<testsuite hostname="DESKTOP-S2I7VH9" failures="0" tests="3" name="stepDefinitions3.exchangeSD3" time="12.295" errors="0" timestamp="2021-03-10T11:38:22 IST" skipped="0">
  <testcase classname="stepDefinitions3.exchangeSD3" name="api_for_foreign_exchange" time="0.034"/>
  <system-out/>
  <testcase classname="stepDefinitions3.exchangeSD3" name="posted_with_correct_information" time="0.005"/>
  <system-out/>
  <testcase classname="stepDefinitions3.exchangeSD3" name="validate_positive_response_code_received" time="12.256"/>
  <system-out/>
</testsuite> <!-- stepDefinitions3.exchangeSD3 -->
